Using pre-set license
Built from '2021.1/staging' branch; Version is '2021.1.21f1 (f2d5d3c59f8c) revision 15914451'; Using compiler version '192528614'; Build Type 'Release'
OS: 'Windows 10 Home; OS build 22000.1042; Version 2009; 64bit' Language: 'es' Physical Memory: 8108 MB
BatchMode: 1, IsHumanControllingUs: 0, StartBugReporterOnCrash: 0, Is64bit: 1, IsPro: 0

COMMAND LINE ARGUMENTS:
C:\Program Files\Unity\Hub\Editor\2021.1.21f1\Editor\Unity.exe
-adb2
-batchMode
-noUpm
-name
AssetImportWorker4
-projectPath
C:/Users/PolM174/Documents/ProgramesUnity/RepasInicial/JocEsteroides
-logFile
Logs/AssetImportWorker4.log
-srvPort
5696
Successfully changed project path to: C:/Users/PolM174/Documents/ProgramesUnity/RepasInicial/JocEsteroides
C:/Users/PolM174/Documents/ProgramesUnity/RepasInicial/JocEsteroides
Using Asset Import Pipeline V2.
Unable to join player connection multicast group.
Unable to join player connection alternative multicast group.
